生成启动时间为 2014/6/6 17:15:10。
     1>项目“D:\大二下\算法设计与分析\算分project\NumberParser\NumberParser\NumberParser.vcxproj”在节点 2 上(build 个目标)。
     1>InitializeBuildStatus:
         正在创建“Debug\NumberParser.unsuccessfulbuild”，因为已指定“AlwaysCreate”。
       ClCompile:
         d:\VisualStudio\VC\bin\CL.exe /c /ZI /nologo /W3 /WX- /Od /Oy- /D WIN32 /D _DEBUG /D _CONSOLE /D _UNICODE /D UNICODE /Gm /EHsc /RTC1 /MDd /GS /fp:precise /Zc:wchar_t /Zc:forScope /Fo"Debug\\" /Fd"Debug\vc100.pdb" /Gd /TP /analyze- /errorReport:prompt MyKNN.cpp StandardKNN.cpp StandardSVM.cpp
         StandardSVM.cpp
         StandardKNN.cpp
         MyKNN.cpp
     1>d:\大二下\算法设计与分析\算分project\numberparser\numberparser\myknn.cpp(58): warning C4996: 'fopen': This function or variable may be unsafe. Consider using fopen_s instead. To disable deprecation, use _CRT_SECURE_NO_WARNINGS. See online help for details.
                 d:\visualstudio\vc\include\stdio.h(234) : 参见“fopen”的声明
     1>d:\大二下\算法设计与分析\算分project\numberparser\numberparser\myknn.cpp(120): warning C4996: 'sprintf': This function or variable may be unsafe. Consider using sprintf_s instead. To disable deprecation, use _CRT_SECURE_NO_WARNINGS. See online help for details.
                 d:\visualstudio\vc\include\stdio.h(371) : 参见“sprintf”的声明
     1>d:\大二下\算法设计与分析\算分project\numberparser\numberparser\myknn.cpp(122): warning C4996: 'sprintf': This function or variable may be unsafe. Consider using sprintf_s instead. To disable deprecation, use _CRT_SECURE_NO_WARNINGS. See online help for details.
                 d:\visualstudio\vc\include\stdio.h(371) : 参见“sprintf”的声明
     1>d:\大二下\算法设计与分析\算分project\numberparser\numberparser\myknn.cpp(129): warning C4800: “int”: 将值强制为布尔值“true”或“false”(性能警告)
     1>d:\大二下\算法设计与分析\算分project\numberparser\numberparser\myknn.cpp(167): warning C4800: “int”: 将值强制为布尔值“true”或“false”(性能警告)
         正在生成代码...
       ManifestResourceCompile:
         所有输出均为最新。
       Link:
         d:\VisualStudio\VC\bin\link.exe /ERRORREPORT:PROMPT /OUT:"D:\大二下\算法设计与分析\算分project\NumberParser\Debug\NumberParser.exe" /INCREMENTAL /NOLOGO opencv_calib3d244d.lib opencv_contrib244d.lib opencv_core244d.lib opencv_features2d244d.lib opencv_flann244d.lib opencv_gpu244d.lib opencv_highgui244d.lib opencv_imgproc244d.lib opencv_legacy244d.lib opencv_ml244d.lib opencv_objdetect244d.lib opencv_ts244d.lib opencv_video244d.lib kernel32.lib user32.lib gdi32.lib winspool.lib comdlg32.lib advapi32.lib shell32.lib ole32.lib oleaut32.lib uuid.lib odbc32.lib odbccp32.lib /MANIFEST /ManifestFile:"Debug\NumberParser.exe.intermediate.manifest" /MANIFESTUAC:"level='asInvoker' uiAccess='false'" /DEBUG /PDB:"D:\大二下\算法设计与分析\算分project\NumberParser\Debug\NumberParser.pdb" /SUBSYSTEM:CONSOLE /TLBID:1 /DYNAMICBASE /NXCOMPAT /IMPLIB:"D:\大二下\算法设计与分析\算分project\NumberParser\Debug\NumberParser.lib" /MACHINE:X86 Debug\NumberParser.exe.embed.manifest.res
         Debug\main.obj
         Debug\MyKNN.obj
         Debug\Parse.obj
         Debug\StandardKNN.obj
         Debug\StandardSVM.obj
       Manifest:
         C:\Program Files\Microsoft SDKs\Windows\v7.0A\bin\mt.exe /nologo /verbose /out:"Debug\NumberParser.exe.embed.manifest" /manifest Debug\NumberParser.exe.intermediate.manifest
         所有输出均为最新。
       LinkEmbedManifest:
         所有输出均为最新。
         NumberParser.vcxproj -> D:\大二下\算法设计与分析\算分project\NumberParser\Debug\NumberParser.exe
       FinalizeBuildStatus:
         正在删除文件“Debug\NumberParser.unsuccessfulbuild”。
         正在对“Debug\NumberParser.lastbuildstate”执行 Touch 任务。
     1>已完成生成项目“D:\大二下\算法设计与分析\算分project\NumberParser\NumberParser\NumberParser.vcxproj”(build 个目标)的操作。

生成成功。

已用时间 00:00:17.40
